Building DAG of jobs...
Using shell: /usr/bin/bash
Provided cores: 1 (use --cores to define parallelism)
Rules claiming more threads will be scaled down.
Job stats:
job                count
---------------  -------
all                    1
filter_samples         1
plot_expression        1
total                  3

Select jobs to execute...

[Fri Nov  1 16:56:47 2024]
rule filter_samples:
    input: data/gdc_sample_sheet.tsv, /home/bec51319.iitr/workplace/tcga_data_analysis/data
    output: output/NKX2-1_expression_data.csv
    jobid: 2
    reason: Missing output files: output/NKX2-1_expression_data.csv
    resources: tmpdir=/tmp

[Fri Nov  1 16:56:51 2024]
Finished job 2.
1 of 3 steps (33%) done
Select jobs to execute...

[Fri Nov  1 16:56:51 2024]
rule plot_expression:
    input: output/NKX2-1_expression_data.csv
    output: output/NKX2-1_expression_boxplot.png
    jobid: 1
    reason: Missing output files: output/NKX2-1_expression_boxplot.png; Input files updated by another job: output/NKX2-1_expression_data.csv
    resources: tmpdir=/tmp

[Fri Nov  1 16:56:51 2024]
Error in rule plot_expression:
    jobid: 1
    input: output/NKX2-1_expression_data.csv
    output: output/NKX2-1_expression_boxplot.png

RuleException:
WorkflowError in file /home/bec51319.iitr/workplace/tcga_data_analysis/expression_data.smk, line 45:
Failed to open source file /home/bec51319.iitr/workplace/tcga_data_analysis/scripts/plot_expression.R
FileNotFoundError: [Errno 2] No such file or directory: '/home/bec51319.iitr/workplace/tcga_data_analysis/scripts/plot_expression.R'
  File "/home/bec51319.iitr/workplace/tcga_data_analysis/expression_data.smk", line 45, in __rule_plot_expression
  File "/home/bec51319.iitr/miniforge3/envs/tcga_data_analysis/lib/python3.8/concurrent/futures/thread.py", line 57, in run
Shutting down, this might take some time.
Exiting because a job execution failed. Look above for error message
Complete log: .snakemake/log/2024-11-01T165645.701252.snakemake.log
