Building DAG of jobs...
Using shell: /usr/bin/bash
Provided cores: 1 (use --cores to define parallelism)
Rules claiming more threads will be scaled down.
Job stats:
job                        count
-----------------------  -------
all                            1
extract_expression_data        1
plot_expression                1
total                          3

Select jobs to execute...

[Fri Nov  1 22:18:26 2024]
rule extract_expression_data:
    input: data/gdc_sample_sheet.tsv, data/tcga_data/.extraction_complete
    output: output/NKX2-1_expression_data.csv
    jobid: 2
    reason: Code has changed since last execution
    resources: tmpdir=/tmp

[Fri Nov  1 22:18:31 2024]
Finished job 2.
1 of 3 steps (33%) done
Select jobs to execute...

[Fri Nov  1 22:18:31 2024]
rule plot_expression:
    input: output/NKX2-1_expression_data.csv
    output: output/NKX2-1_expression_boxplot.png
    jobid: 1
    reason: Input files updated by another job: output/NKX2-1_expression_data.csv
    resources: tmpdir=/tmp

[Fri Nov  1 22:18:33 2024]
Finished job 1.
2 of 3 steps (67%) done
Select jobs to execute...

[Fri Nov  1 22:18:33 2024]
localrule all:
    input: output/NKX2-1_expression_boxplot.png
    jobid: 0
    reason: Input files updated by another job: output/NKX2-1_expression_boxplot.png
    resources: tmpdir=/tmp

[Fri Nov  1 22:18:33 2024]
Finished job 0.
3 of 3 steps (100%) done
Complete log: .snakemake/log/2024-11-01T221825.301946.snakemake.log
