Building DAG of jobs...
Using shell: /usr/bin/bash
Provided cores: 1 (use --cores to define parallelism)
Rules claiming more threads will be scaled down.
Job stats:
job                  count
-----------------  -------
extract_tcga_data        1
total                    1

Select jobs to execute...

[Fri Nov  1 23:55:37 2024]
rule extract_tcga_data:
    input: data/tcga_data.tar.gz
    output: data/tcga_data
    jobid: 0
    reason: Missing output files: data/tcga_data
    resources: tmpdir=/tmp

[Fri Nov  1 23:55:57 2024]
Finished job 0.
1 of 1 steps (100%) done
Complete log: .snakemake/log/2024-11-01T235536.722849.snakemake.log
