Building DAG of jobs...
Using shell: /usr/bin/bash
Provided cores: 1 (use --cores to define parallelism)
Rules claiming more threads will be scaled down.
Job stats:
job                        count
-----------------------  -------
all                            1
extract_expression_data        1
plot_expression                1
total                          3

Select jobs to execute...

[Fri Nov  1 22:31:28 2024]
rule extract_expression_data:
    input: data/gdc_sample_sheet.tsv, data/tcga_data/.extraction_complete
    output: output/NKX2-1_expression_data.csv
    jobid: 2
    reason: Code has changed since last execution
    resources: tmpdir=/tmp

Shutting down, this might take some time.
Exiting because a job execution failed. Look above for error message
Complete log: .snakemake/log/2024-11-01T223126.925249.snakemake.log
