Building DAG of jobs...
Using shell: /usr/bin/bash
Provided cores: 1 (use --cores to define parallelism)
Rules claiming more threads will be scaled down.
Job stats:
job                count
---------------  -------
extract_samples        1
total                  1

Select jobs to execute...

[Fri Nov  1 22:56:22 2024]
rule extract_samples:
    input: data/gdc_sample_sheet.tsv
    output: output/filtered_samples.tsv
    jobid: 0
    reason: Missing output files: output/filtered_samples.tsv
    resources: tmpdir=/tmp

[Fri Nov  1 22:56:24 2024]
Finished job 0.
1 of 1 steps (100%) done
Complete log: .snakemake/log/2024-11-01T225621.727130.snakemake.log
